<?xml version="1.0" encoding="UTF-8"?>
<!-- Generated by org.testng.reporters.JUnitReportReporter -->
<testsuite hostname="LAPTOP-EEAS1CV9" failures="0" tests="2" name="basic.Basics_Of_TestNg" time="12.412" errors="0" timestamp="2023-11-01T15:20:56 IST" skipped="0">
  <testcase classname="basic.Basics_Of_TestNg" name="Logout" time="1.379"/>
  <system-out/>
  <testcase classname="basic.Basics_Of_TestNg" name="Login" time="11.033"/>
  <system-out/>
</testsuite> <!-- basic.Basics_Of_TestNg -->
