<?xml version="1.0" encoding="UTF-8"?>
<!-- Generated by org.testng.reporters.JUnitReportReporter -->
<testsuite hostname="LAPTOP-EEAS1CV9" failures="0" tests="1" name="basic.Demo" time="0.002" errors="0" timestamp="2023-11-01T11:22:32 IST" skipped="0">
  <testcase classname="basic.Demo" name="Register" time="0.002"/>
  <system-out/>
</testsuite> <!-- basic.Demo -->
