<?xml version="1.0" encoding="UTF-8"?>
<!-- Generated by org.testng.reporters.JUnitReportReporter -->
<testsuite hostname="LAPTOP-EEAS1CV9" failures="0" tests="2" name="basic.Logout" time="8.505" errors="0" timestamp="2023-11-01T11:48:55 IST" skipped="0">
  <testcase classname="basic.Logout" name="LoginIntoDemoWebshop" time="7.174"/>
  <system-out/>
  <testcase classname="basic.Logout" name="logout" time="1.331"/>
  <system-out/>
</testsuite> <!-- basic.Logout -->
